make all --print-data-base --no-builtin-variables --no-builtin-rules --question
make: *** No rule to make target 'all'.  Stop.

# GNU Make 4.2.1
# Built for x86_64-pc-linux-gnu
# Copyright (C) 1988-2016 Free Software Foundation, Inc.
# License GPLv3+: GNU GPL version 3 or later <http://gnu.org/licenses/gpl.html>
# This is free software: you are free to change and redistribute it.
# There is NO WARRANTY, to the extent permitted by law.

# Make data base, printed on Sat Jul 23 19:28:51 2022

# Variables

# 'override' directive
GNUMAKEFLAGS := 
# automatic
<D = $(patsubst %/,%,$(dir $<))
# automatic
?F = $(notdir $?)
# environment
STRINGS = /home/chui/anaconda3/bin/x86_64-conda_cos6-linux-gnu-strings
# environment
DESKTOP_SESSION = ubuntu
# default
.SHELLFLAGS := -c
# environment
GPROF = /home/chui/anaconda3/bin/x86_64-conda_cos6-linux-gnu-gprof
# environment
XDG_SESSION_CLASS = user
# environment
XDG_SESSION_TYPE = x11
# environment
OBJCOPY = /home/chui/anaconda3/bin/x86_64-conda_cos6-linux-gnu-objcopy
# environment
IM_CONFIG_PHASE = 1
# environment
GCC_NM = /home/chui/anaconda3/bin/x86_64-conda_cos6-linux-gnu-gcc-nm
# automatic
@D = $(patsubst %/,%,$(dir $@))
# environment
XAUTHORITY = /run/user/1000/gdm/Xauthority
# environment
GDMSESSION = ubuntu
# environment
XMODIFIERS = @im=fcitx
# makefile
CURDIR := /home/chui/compiler_fcl
# makefile
SHELL = /bin/sh
# environment
NM = /home/chui/anaconda3/bin/x86_64-conda_cos6-linux-gnu-nm
# environment
VSCODE_NLS_CONFIG = {"locale":"zh-cn","availableLanguages":{"*":"zh-cn"},"_languagePackId":"1d735750dbb1b9066c7513078396ba0f.zh-cn","_translationsConfigFile":"/home/chui/.config/Code/clp/1d735750dbb1b9066c7513078396ba0f.zh-cn/tcf.json","_cacheRoot":"/home/chui/.config/Code/clp/1d735750dbb1b9066c7513078396ba0f.zh-cn","_resolvedLanguagePackCoreLocation":"/home/chui/.config/Code/clp/1d735750dbb1b9066c7513078396ba0f.zh-cn/b06ae3b2d2dbfe28bca3134cc6be65935cdfea6a","_corruptedFile":"/home/chui/.config/Code/clp/1d735750dbb1b9066c7513078396ba0f.zh-cn/corrupted.info","_languagePackSupport":true}
# environment
_ = /usr/share/code/code
# environment
CFLAGS = -march=nocona -mtune=haswell -ftree-vectorize -fPIC -fstack-protector-strong -fno-plt -O2 -ffunction-sections -pipe -isystem /home/chui/anaconda3/include
# automatic
?D = $(patsubst %/,%,$(dir $?))
# environment
JOURNAL_STREAM = 8:51529
# environment
XDG_CONFIG_DIRS = /etc/xdg/xdg-ubuntu:/etc/xdg
# makefile
MAKEFILE_LIST := 
# automatic
@F = $(notdir $@)
# environment
GCC = /home/chui/anaconda3/bin/x86_64-conda_cos6-linux-gnu-gcc
# environment
GIO_LAUNCHED_DESKTOP_FILE = /home/chui/桌面/code.desktop
# environment
USERNAME = chui
# environment
MAKELEVEL := 0
# environment
MANDATORY_PATH = /usr/share/gconf/ubuntu.mandatory.path
# environment
XDG_DATA_DIRS = /usr/share/ubuntu:/usr/local/share/:/usr/share/:/var/lib/snapd/desktop:/opt/apps/com.jisuoffice.deepin/entries:/opt/apps/com.qq.im.deepin/entries:/opt/apps/com.qq.office.deepin/entries:/opt/apps/com.qq.weixin.deepin/entries:/opt/apps/com.jisuoffice.deepin/entries:/opt/apps/com.qq.im.deepin/entries:/opt/apps/com.qq.office.deepin/entries:/opt/apps/com.qq.weixin.deepin/entries
# environment
ADDR2LINE = /home/chui/anaconda3/bin/x86_64-conda_cos6-linux-gnu-addr2line
# environment
DBUS_SESSION_BUS_ADDRESS = unix:path=/run/user/1000/bus
# environment
CC = /home/chui/anaconda3/bin/x86_64-conda_cos6-linux-gnu-cc
# environment
CPPFLAGS = -DNDEBUG -D_FORTIFY_SOURCE=2 -O2 -isystem /home/chui/anaconda3/include
# environment
MANAGERPID = 2625
# environment
_CONDA_PYTHON_SYSCONFIGDATA_NAME = _sysconfigdata_x86_64_conda_cos6_linux_gnu
# environment
CLUTTER_IM_MODULE = fcitx
# environment
LESSOPEN = | /usr/bin/lesspipe %s
# environment
LC_NAME = zh_CN.UTF-8
# environment
CPP = /home/chui/anaconda3/bin/x86_64-conda_cos6-linux-gnu-cpp
# environment
VSCODE_CWD = /home/chui
# environment
ELFEDIT = /home/chui/anaconda3/bin/x86_64-conda_cos6-linux-gnu-elfedit
# default
MAKE_HOST := x86_64-pc-linux-gnu
# environment
PATH = /home/chui/anaconda3/bin:/home/chui/anaconda3/condabin:/usr/local/sbin:/usr/local/bin:/usr/sbin:/usr/bin:/sbin:/bin:/usr/games:/usr/local/games:/snap/bin:/usr/local/arm/gcc-4.6.4/bin:/usr/local/go/bin:/home/chui/go/bin:/home/chui/go/src/github.com/hyperledger/fabric/release/linux-amd64/bin:/usr/local/arm/gcc-4.6.4/bin:/usr/local/arm/gcc-4.6.4/bin:/usr/local/go/bin:/home/chui/go/bin:/home/chui/go/src/github.com/hyperledger/fabric/release/linux-amd64/bin
# environment
LD = /home/chui/anaconda3/bin/x86_64-conda_cos6-linux-gnu-ld
# environment
GPG_AGENT_INFO = /run/user/1000/gnupg/S.gpg-agent:0:1
# environment
GJS_DEBUG_OUTPUT = stderr
# environment
C_INCLUDE_PATH = :/usr/local/include
# environment
SESSION_MANAGER = local/chui:@/tmp/.ICE-unix/2902,unix/chui:/tmp/.ICE-unix/2902
# environment
XDG_RUNTIME_DIR = /run/user/1000
# environment
LIBRARY_PATH = :/usr/local/lib
# environment
LD_GOLD = /home/chui/anaconda3/bin/x86_64-conda_cos6-linux-gnu-ld.gold
# environment
GOPATH = /home/chui/go
# environment
CONDA_PREFIX = /home/chui/anaconda3
# environment
AR = /home/chui/anaconda3/bin/x86_64-conda_cos6-linux-gnu-ar
# environment
XDG_MENU_PREFIX = gnome-
# environment
ELECTRON_RUN_AS_NODE = 1
# environment
INVOCATION_ID = 68f20b0834024a67beb7747a38a7ae28
# environment
LDFLAGS = -Wl,-O2 -Wl,--sort-common -Wl,--as-needed -Wl,-z,relro -Wl,-z,now -Wl,--disable-new-dtags -Wl,--gc-sections -Wl,-rpath,/home/chui/anaconda3/lib -Wl,-rpath-link,/home/chui/anaconda3/lib -L/home/chui/anaconda3/lib
# default
.FEATURES := target-specific order-only second-expansion else-if shortest-stem undefine oneshell archives jobserver output-sync check-symlink load
# environment
CMAKE_PREFIX_PATH = /home/chui/anaconda3:/home/chui/anaconda3/x86_64-conda_cos6-linux-gnu/sysroot/usr
# environment
LS_COLORS = 
# environment
CONDA_BACKUP_HOST = x86_64-conda_cos6-linux-gnu
# environment
XDG_SESSION_DESKTOP = ubuntu
# environment
SSH_AUTH_SOCK = /run/user/1000/keyring/ssh
# environment
GIO_LAUNCHED_DESKTOP_FILE_PID = 92029
# environment
SIZE = /home/chui/anaconda3/bin/x86_64-conda_cos6-linux-gnu-size
# automatic
%F = $(notdir $%)
# environment
CPLUS_INCLUDE_PATH = :/usr/local/include
# environment
DISPLAY = :0
# environment
CONDA_EXE = /home/chui/anaconda3/bin/conda
# environment
GTK_IM_MODULE = fcitx
# environment
PWD = /home/chui/compiler_fcl
# default
.LOADED := 
# environment
SSH_AGENT_PID = 2851
# environment
RANLIB = /home/chui/anaconda3/bin/x86_64-conda_cos6-linux-gnu-ranlib
# environment
ORIGINAL_XDG_CURRENT_DESKTOP = ubuntu:GNOME
# environment
GTK_MODULES = gail:atk-bridge
# environment
VSCODE_AMD_ENTRYPOINT = vs/workbench/api/node/extensionHostProcess
# environment
HOME = /home/chui
# environment
LD_LIBRARY_PATH = :/usr/local/arm/gcc-4.6.4/lib:/usr/local/arm/gcc-4.6.4/lib:/usr/local/arm/gcc-4.6.4/lib
# environment
LESSCLOSE = /usr/bin/lesspipe %s %s
# environment
VSCODE_CODE_CACHE_PATH = /home/chui/.config/Code/CachedData/b06ae3b2d2dbfe28bca3134cc6be65935cdfea6a
# environment
LOGNAME = chui
# environment
APPLICATION_INSIGHTS_NO_DIAGNOSTIC_CHANNEL = true
# environment
CONDA_PROMPT_MODIFIER = (base) 
# automatic
+F = $(notdir $+)
# environment
CXXFILT = /home/chui/anaconda3/bin/x86_64-conda_cos6-linux-gnu-c++filt
# environment
VSCODE_HANDLES_UNCAUGHT_ERRORS = true
# environment
GNOME_DESKTOP_SESSION_ID = this-is-deprecated
# automatic
^D = $(patsubst %/,%,$(dir $^))
# environment
LC_TIME = zh_CN.UTF-8
# environment
CONDA_DEFAULT_ENV = base
# default
MAKE = $(MAKE_COMMAND)
# default
MAKECMDGOALS := all
# environment
QT_IM_MODULE = fcitx
# environment
SHLVL = 0
# environment
AS = /home/chui/anaconda3/bin/x86_64-conda_cos6-linux-gnu-as
# environment
GCC_AR = /home/chui/anaconda3/bin/x86_64-conda_cos6-linux-gnu-gcc-ar
# environment
GNOME_SHELL_SESSION_MODE = ubuntu
# default
MAKE_VERSION := 4.2.1
# environment
USER = chui
# environment
LC_MONETARY = zh_CN.UTF-8
# makefile
.DEFAULT_GOAL := 
# environment
XDG_CURRENT_DESKTOP = Unity
# environment
GOROOT = /usr/local/go
# environment
CLASSPATH = .:/usr/local/lib/antlr-4.9.3-complete.jar:
# environment
CONDA_BUILD_SYSROOT = /home/chui/anaconda3/x86_64-conda_cos6-linux-gnu/sysroot
# automatic
%D = $(patsubst %/,%,$(dir $%))
# environment
LC_TELEPHONE = zh_CN.UTF-8
# environment
READELF = /home/chui/anaconda3/bin/x86_64-conda_cos6-linux-gnu-readelf
# environment
CONDA_SHLVL = 1
# default
MAKE_COMMAND := make
# default
.VARIABLES := 
# automatic
*F = $(notdir $*)
# environment
LANGUAGE = zh_CN:zh:en_US:en
# environment
VSCODE_IPC_HOOK = /run/user/1000/vscode-c16ab8d2-1.69.1-main.sock
# makefile
MAKEFLAGS = pqrR
# environment
MFLAGS = -pqrR
# automatic
*D = $(patsubst %/,%,$(dir $*))
# automatic
+D = $(patsubst %/,%,$(dir $+))
# environment
OBJDUMP = /home/chui/anaconda3/bin/x86_64-conda_cos6-linux-gnu-objdump
# environment
GDK_BACKEND = x11
# environment
LC_PAPER = zh_CN.UTF-8
# environment
STRIP = /home/chui/anaconda3/bin/x86_64-conda_cos6-linux-gnu-strip
# environment
QT_ACCESSIBILITY = 1
# environment
DEFAULTS_PATH = /usr/share/gconf/ubuntu.default.path
# default
MAKEFILES := 
# environment
DEBUG_CFLAGS = -march=nocona -mtune=haswell -ftree-vectorize -fPIC -fstack-protector-all -fno-plt -Og -g -Wall -Wextra -fvar-tracking-assignments -ffunction-sections -pipe -isystem /home/chui/anaconda3/include
 
# environment
LC_NUMERIC = zh_CN.UTF-8
# automatic
<F = $(notdir $<)
# environment
LC_MEASUREMENT = zh_CN.UTF-8
# environment
LC_ALL = C
# environment
CONDA_PYTHON_EXE = /home/chui/anaconda3/bin/python
# environment
DEBUG_CPPFLAGS = -D_DEBUG -D_FORTIFY_SOURCE=2 -Og -isystem /home/chui/anaconda3/include
# environment
QT4_IM_MODULE = fcitx
# environment
GJS_DEBUG_TOPICS = JS ERROR;JS LOG
# automatic
^F = $(notdir $^)
# default
SUFFIXES := 
# environment
_CE_M = 
# environment
CHROME_DESKTOP = code-url-handler.desktop
# environment
WINDOWPATH = 2
# default
.INCLUDE_DIRS = /usr/include /usr/local/include /usr/include
# environment
LC_IDENTIFICATION = zh_CN.UTF-8
# default
.RECIPEPREFIX := 
# environment
LC_ADDRESS = zh_CN.UTF-8
# environment
GCC_RANLIB = /home/chui/anaconda3/bin/x86_64-conda_cos6-linux-gnu-gcc-ranlib
# environment
LANG = C
# environment
VSCODE_PID = 92029
# environment
_CE_CONDA = 
# environment
HOST = x86_64-conda_cos6-linux-gnu
# variable set hash-table stats:
# Load=154/1024=15%, Rehash=0, Collisions=28/176=16%

# Pattern-specific Variable Values

# No pattern-specific variable values.

# Directories

# . (device 66309, inode 4571974): 28 files, no impossibilities.

# 28 files, no impossibilities in 1 directories.

# Implicit Rules

# No implicit rules.

# Files

# Not a target:
all:
#  Command line target.
#  Implicit rule search has been done.
#  File does not exist.
#  File has not been updated.

# Not a target:
Makefile:
#  Implicit rule search has been done.
#  File does not exist.
#  File has been updated.
#  Failed to be updated.

# Not a target:
makefile:
#  Implicit rule search has been done.
#  File does not exist.
#  File has been updated.
#  Failed to be updated.

# Not a target:
.DEFAULT:
#  Implicit rule search has not been done.
#  Modification time never checked.
#  File has not been updated.

# Not a target:
GNUmakefile:
#  Implicit rule search has been done.
#  File does not exist.
#  File has been updated.
#  Failed to be updated.

# files hash-table stats:
# Load=6/1024=1%, Rehash=0, Collisions=0/15=0%
# VPATH Search Paths

# No 'vpath' search paths.

# No general ('VPATH' variable) search path.

# strcache buffers: 1 (0) / strings = 36 / storage = 355 B / avg = 9 B
# current buf: size = 8162 B / used = 355 B / count = 36 / avg = 9 B

# strcache performance: lookups = 39 / hit rate = 7%
# hash-table stats:
# Load=36/8192=0%, Rehash=0, Collisions=1/39=3%
# Finished Make data base on Sat Jul 23 19:28:51 2022

 
